This file contains any messages produced by compilers while
running configure, to aid debugging if configure makes a mistake.

It was created by libical-glib configure 1.0.0, which was
generated by GNU Autoconf 2.69.  Invocation command line was

  $ ./configure --enable-maintainer-mode

## --------- ##
## Platform. ##
## --------- ##

hostname = localhost.localdomain
uname -m = i686
uname -r = 3.11.10-301.fc20.i686
uname -s = Linux
uname -v = #1 SMP Thu Dec 5 14:21:31 UTC 2013

/usr/bin/uname -p = i686
/bin/uname -X     = unknown

/bin/arch              = i686
/usr/bin/arch -k       = unknown
/usr/convex/getsysinfo = unknown
/usr/bin/hostinfo      = unknown
/bin/machine           = unknown
/usr/bin/oslevel       = unknown
/bin/universe          = unknown

PATH: /usr/lib/qt-3.3/bin
PATH: /usr/local/bin
PATH: /usr/bin
PATH: /bin
PATH: /usr/local/sbin
PATH: /usr/sbin
PATH: /home/williamyu/.local/bin
PATH: /home/williamyu/bin


## ----------- ##
## Core tests. ##
## ----------- ##

configure:2264: checking for a BSD-compatible install
configure:2332: result: /usr/bin/install -c
configure:2343: checking whether build environment is sane
configure:2398: result: yes
configure:2549: checking for a thread-safe mkdir -p
configure:2588: result: /usr/bin/mkdir -p
configure:2595: checking for gawk
configure:2611: found /usr/bin/gawk
configure:2622: result: gawk
configure:2633: checking whether make sets $(MAKE)
configure:2655: result: yes
configure:2684: checking whether make supports nested variables
configure:2701: result: yes
configure:2790: checking whether UID '1000' is supported by ustar format
configure:2793: result: yes
configure:2800: checking whether GID '1000' is supported by ustar format
configure:2803: result: yes
configure:2811: checking how to create a ustar tar archive
configure:2822: tar --version
tar (GNU tar) 1.26
Copyright (C) 2011 Free Software Foundation, Inc.
License GPLv3+: GNU GPL version 3 or later <http://gnu.org/licenses/gpl.html>.
This is free software: you are free to change and redistribute it.
There is NO WARRANTY, to the extent permitted by law.

Written by John Gilmore and Jay Fenlason.
configure:2825: $? = 0
configure:2865: tardir=conftest.dir && eval tar --format=ustar -chf - "$tardir" >conftest.tar
configure:2868: $? = 0
configure:2872: tar -xf - <conftest.tar
configure:2875: $? = 0
configure:2877: cat conftest.dir/file
GrepMe
configure:2880: $? = 0
configure:2893: result: gnutar
configure:2923: checking whether make supports nested variables
configure:2940: result: yes
configure:2953: checking whether to enable maintainer-specific portions of Makefiles
configure:2962: result: yes
configure:3024: checking for gcc
configure:3040: found /usr/bin/gcc
configure:3051: result: gcc
configure:3280: checking for C compiler version
configure:3289: gcc --version >&5
gcc (GCC) 4.8.3 20140624 (Red Hat 4.8.3-1)
Copyright (C) 2013 Free Software Foundation, Inc.
This is free software; see the source for copying conditions.  There is NO
warranty; not even for MERCHANTABILITY or FITNESS FOR A PARTICULAR PURPOSE.

configure:3300: $? = 0
configure:3289: gcc -v >&5
Using built-in specs.
COLLECT_GCC=gcc
COLLECT_LTO_WRAPPER=/usr/libexec/gcc/i686-redhat-linux/4.8.3/lto-wrapper
Target: i686-redhat-linux
Configured with: ../configure --prefix=/usr --mandir=/usr/share/man --infodir=/usr/share/info --with-bugurl=http://bugzilla.redhat.com/bugzilla --enable-bootstrap --enable-shared --enable-threads=posix --enable-checking=release --with-system-zlib --enable-__cxa_atexit --disable-libunwind-exceptions --enable-gnu-unique-object --enable-linker-build-id --with-linker-hash-style=gnu --enable-languages=c,c++,objc,obj-c++,java,fortran,ada,go,lto --enable-plugin --enable-initfini-array --enable-java-awt=gtk --disable-dssi --with-java-home=/usr/lib/jvm/java-1.5.0-gcj-1.5.0.0/jre --enable-libgcj-multifile --enable-java-maintainer-mode --with-ecj-jar=/usr/share/java/eclipse-ecj.jar --disable-libjava-multilib --with-isl=/builddir/build/BUILD/gcc-4.8.3-20140624/obj-i686-redhat-linux/isl-install --with-cloog=/builddir/build/BUILD/gcc-4.8.3-20140624/obj-i686-redhat-linux/cloog-install --with-tune=generic --with-arch=i686 --build=i686-redhat-linux
Thread model: posix
gcc version 4.8.3 20140624 (Red Hat 4.8.3-1) (GCC) 
configure:3300: $? = 0
configure:3289: gcc -V >&5
gcc: error: unrecognized command line option '-V'
gcc: fatal error: no input files
compilation terminated.
configure:3300: $? = 4
configure:3289: gcc -qversion >&5
gcc: error: unrecognized command line option '-qversion'
gcc: fatal error: no input files
compilation terminated.
configure:3300: $? = 4
configure:3320: checking whether the C compiler works
configure:3342: gcc    conftest.c  >&5
configure:3346: $? = 0
configure:3394: result: yes
configure:3397: checking for C compiler default output file name
configure:3399: result: a.out
configure:3405: checking for suffix of executables
configure:3412: gcc -o conftest    conftest.c  >&5
configure:3416: $? = 0
configure:3438: result: 
configure:3460: checking whether we are cross compiling
configure:3468: gcc -o conftest    conftest.c  >&5
configure:3472: $? = 0
configure:3479: ./conftest
configure:3483: $? = 0
configure:3498: result: no
configure:3503: checking for suffix of object files
configure:3525: gcc -c   conftest.c >&5
configure:3529: $? = 0
configure:3550: result: o
configure:3554: checking whether we are using the GNU C compiler
configure:3573: gcc -c   conftest.c >&5
configure:3573: $? = 0
configure:3582: result: yes
configure:3591: checking whether gcc accepts -g
configure:3611: gcc -c -g  conftest.c >&5
configure:3611: $? = 0
configure:3652: result: yes
configure:3669: checking for gcc option to accept ISO C89
configure:3732: gcc  -c -g -O2  conftest.c >&5
configure:3732: $? = 0
configure:3745: result: none needed
configure:3776: checking for style of include used by make
configure:3804: result: GNU
configure:3830: checking dependency style of gcc
configure:3941: result: gcc3
configure:3961: checking how to run the C preprocessor
configure:3992: gcc -E  conftest.c
configure:3992: $? = 0
configure:4006: gcc -E  conftest.c
conftest.c:11:28: fatal error: ac_nonexistent.h: No such file or directory
 #include <ac_nonexistent.h>
                            ^
compilation terminated.
configure:4006: $? = 1
configure: failed program was:
| /* confdefs.h */
| #define PACKAGE_NAME "libical-glib"
| #define PACKAGE_TARNAME "libical-glib"
| #define PACKAGE_VERSION "1.0.0"
| #define PACKAGE_STRING "libical-glib 1.0.0"
| #define PACKAGE_BUGREPORT "http://bugzilla.gnome.org/browse.cgi?product=TODO"
| #define PACKAGE_URL ""
| #define PACKAGE "libical-glib"
| #define VERSION "1.0.0"
| /* end confdefs.h.  */
| #include <ac_nonexistent.h>
configure:4031: result: gcc -E
configure:4051: gcc -E  conftest.c
configure:4051: $? = 0
configure:4065: gcc -E  conftest.c
conftest.c:11:28: fatal error: ac_nonexistent.h: No such file or directory
 #include <ac_nonexistent.h>
                            ^
compilation terminated.
configure:4065: $? = 1
configure: failed program was:
| /* confdefs.h */
| #define PACKAGE_NAME "libical-glib"
| #define PACKAGE_TARNAME "libical-glib"
| #define PACKAGE_VERSION "1.0.0"
| #define PACKAGE_STRING "libical-glib 1.0.0"
| #define PACKAGE_BUGREPORT "http://bugzilla.gnome.org/browse.cgi?product=TODO"
| #define PACKAGE_URL ""
| #define PACKAGE "libical-glib"
| #define VERSION "1.0.0"
| /* end confdefs.h.  */
| #include <ac_nonexistent.h>
configure:4094: checking for inline
configure:4110: gcc -c -g -O2  conftest.c >&5
configure:4110: $? = 0
configure:4118: result: inline
configure:4137: checking whether gcc and cc understand -c and -o together
configure:4168: gcc -c conftest.c -o conftest2.o >&5
configure:4172: $? = 0
configure:4178: gcc -c conftest.c -o conftest2.o >&5
configure:4182: $? = 0
configure:4193: cc -c conftest.c >&5
configure:4197: $? = 0
configure:4205: cc -c conftest.c -o conftest2.o >&5
configure:4209: $? = 0
configure:4215: cc -c conftest.c -o conftest2.o >&5
configure:4219: $? = 0
configure:4237: result: yes
configure:4263: checking whether ln -s works
configure:4267: result: yes
configure:4274: checking whether make sets $(MAKE)
configure:4296: result: yes
configure:4307: checking for Win32
configure:4320: result: no
configure:4346: checking for supported compiler flags
configure:4363: gcc -c -g -O2 -Wall  conftest.c >&5
configure:4363: $? = 0
configure:4363: gcc -c -g -O2 -Wextra  conftest.c >&5
configure:4363: $? = 0
configure:4363: gcc -c -g -O2 -Wdeprecated-declarations  conftest.c >&5
configure:4363: $? = 0
configure:4363: gcc -c -g -O2 -Wno-missing-field-initializers  conftest.c >&5
configure:4363: $? = 0
configure:4363: gcc -c -g -O2 -Wno-sign-compare  conftest.c >&5
configure:4363: $? = 0
configure:4363: gcc -c -g -O2 -Wno-unused-parameter  conftest.c >&5
configure:4363: $? = 0
configure:4363: gcc -c -g -O2 -Wdeclaration-after-statement  conftest.c >&5
configure:4363: $? = 0
configure:4363: gcc -c -g -O2 -Werror-implicit-function-declaration  conftest.c >&5
configure:4363: $? = 0
configure:4363: gcc -c -g -O2 -Wformat-nonliteral  conftest.c >&5
cc1: warning: -Wformat-nonliteral ignored without -Wformat [-Wformat-nonliteral]
configure:4363: $? = 0
configure:4363: gcc -c -g -O2 -Wformat-security  conftest.c >&5
cc1: warning: -Wformat-security ignored without -Wformat [-Wformat-security]
configure:4363: $? = 0
configure:4363: gcc -c -g -O2 -Winit-self  conftest.c >&5
configure:4363: $? = 0
configure:4363: gcc -c -g -O2 -Wmissing-declarations  conftest.c >&5
configure:4363: $? = 0
configure:4363: gcc -c -g -O2 -Wmissing-include-dirs  conftest.c >&5
configure:4363: $? = 0
configure:4363: gcc -c -g -O2 -Wmissing-noreturn  conftest.c >&5
configure:4363: $? = 0
configure:4363: gcc -c -g -O2 -Wnested-externs  conftest.c >&5
configure:4363: $? = 0
configure:4363: gcc -c -g -O2 -Wpointer-arith  conftest.c >&5
configure:4363: $? = 0
configure:4363: gcc -c -g -O2 -Wundef  conftest.c >&5
configure:4363: $? = 0
configure:4363: gcc -c -g -O2 -Wwrite-strings  conftest.c >&5
configure:4363: $? = 0
configure:4377: result:  -Wall -Wextra -Wdeprecated-declarations -Wno-missing-field-initializers -Wno-sign-compare -Wno-unused-parameter -Wdeclaration-after-statement -Werror-implicit-function-declaration -Wformat-nonliteral -Wformat-security -Winit-self -Wmissing-declarations -Wmissing-include-dirs -Wmissing-noreturn -Wnested-externs -Wpointer-arith -Wundef -Wwrite-strings
configure:4454: checking build system type
configure:4468: result: i686-pc-linux-gnu
configure:4488: checking host system type
configure:4501: result: i686-pc-linux-gnu
configure:4542: checking how to print strings
configure:4569: result: printf
configure:4590: checking for a sed that does not truncate output
configure:4654: result: /usr/bin/sed
configure:4672: checking for grep that handles long lines and -e
configure:4730: result: /usr/bin/grep
configure:4735: checking for egrep
configure:4797: result: /usr/bin/grep -E
configure:4802: checking for fgrep
configure:4864: result: /usr/bin/grep -F
configure:4899: checking for ld used by gcc
configure:4966: result: /usr/bin/ld
configure:4973: checking if the linker (/usr/bin/ld) is GNU ld
configure:4988: result: yes
configure:5000: checking for BSD- or MS-compatible name lister (nm)
configure:5049: result: /usr/bin/nm -B
configure:5179: checking the name lister (/usr/bin/nm -B) interface
configure:5186: gcc -c -g -O2   -Wall -Wextra -Wdeprecated-declarations -Wno-missing-field-initializers -Wno-sign-compare -Wno-unused-parameter -Wdeclaration-after-statement -Werror-implicit-function-declaration -Wformat-nonliteral -Wformat-security -Winit-self -Wmissing-declarations -Wmissing-include-dirs -Wmissing-noreturn -Wnested-externs -Wpointer-arith -Wundef -Wwrite-strings -DGLIB_VERSION_MAX_ALLOWED=GLIB_VERSION_2_32 -DGLIB_VERSION_MIN_REQUIRED=GLIB_VERSION_2_32  conftest.c >&5
configure:5189: /usr/bin/nm -B "conftest.o"
configure:5192: output
00000000 B some_variable
configure:5199: result: BSD nm
configure:5203: checking the maximum length of command line arguments
configure:5333: result: 1572864
configure:5350: checking whether the shell understands some XSI constructs
configure:5360: result: yes
configure:5364: checking whether the shell understands "+="
configure:5370: result: yes
configure:5405: checking how to convert i686-pc-linux-gnu file names to i686-pc-linux-gnu format
configure:5445: result: func_convert_file_noop
configure:5452: checking how to convert i686-pc-linux-gnu file names to toolchain format
configure:5472: result: func_convert_file_noop
configure:5479: checking for /usr/bin/ld option to reload object files
configure:5486: result: -r
configure:5560: checking for objdump
configure:5576: found /usr/bin/objdump
configure:5587: result: objdump
configure:5619: checking how to recognize dependent libraries
configure:5821: result: pass_all
configure:5906: checking for dlltool
configure:5936: result: no
configure:5966: checking how to associate runtime and link libraries
configure:5993: result: printf %s\n
configure:6053: checking for ar
configure:6069: found /usr/bin/ar
configure:6080: result: ar
configure:6117: checking for archiver @FILE support
configure:6134: gcc -c -g -O2   -Wall -Wextra -Wdeprecated-declarations -Wno-missing-field-initializers -Wno-sign-compare -Wno-unused-parameter -Wdeclaration-after-statement -Werror-implicit-function-declaration -Wformat-nonliteral -Wformat-security -Winit-self -Wmissing-declarations -Wmissing-include-dirs -Wmissing-noreturn -Wnested-externs -Wpointer-arith -Wundef -Wwrite-strings -DGLIB_VERSION_MAX_ALLOWED=GLIB_VERSION_2_32 -DGLIB_VERSION_MIN_REQUIRED=GLIB_VERSION_2_32  conftest.c >&5
configure:6134: $? = 0
configure:6137: ar cru libconftest.a @conftest.lst >&5
configure:6140: $? = 0
configure:6145: ar cru libconftest.a @conftest.lst >&5
ar: conftest.o: No such file or directory
configure:6148: $? = 1
configure:6160: result: @
configure:6218: checking for strip
configure:6234: found /usr/bin/strip
configure:6245: result: strip
configure:6317: checking for ranlib
configure:6333: found /usr/bin/ranlib
configure:6344: result: ranlib
configure:6446: checking command to parse /usr/bin/nm -B output from gcc object
configure:6566: gcc -c -g -O2   -Wall -Wextra -Wdeprecated-declarations -Wno-missing-field-initializers -Wno-sign-compare -Wno-unused-parameter -Wdeclaration-after-statement -Werror-implicit-function-declaration -Wformat-nonliteral -Wformat-security -Winit-self -Wmissing-declarations -Wmissing-include-dirs -Wmissing-noreturn -Wnested-externs -Wpointer-arith -Wundef -Wwrite-strings -DGLIB_VERSION_MAX_ALLOWED=GLIB_VERSION_2_32 -DGLIB_VERSION_MIN_REQUIRED=GLIB_VERSION_2_32  conftest.c >&5
configure:6569: $? = 0
configure:6573: /usr/bin/nm -B conftest.o \| sed -n -e 's/^.*[ ]\([ABCDGIRSTW][ABCDGIRSTW]*\)[ ][ ]*\([_A-Za-z][_A-Za-z0-9]*\)$/\1 \2 \2/p' | sed '/ __gnu_lto/d' \> conftest.nm
configure:6576: $? = 0
configure:6642: gcc -o conftest -g -O2   -Wall -Wextra -Wdeprecated-declarations -Wno-missing-field-initializers -Wno-sign-compare -Wno-unused-parameter -Wdeclaration-after-statement -Werror-implicit-function-declaration -Wformat-nonliteral -Wformat-security -Winit-self -Wmissing-declarations -Wmissing-include-dirs -Wmissing-noreturn -Wnested-externs -Wpointer-arith -Wundef -Wwrite-strings -DGLIB_VERSION_MAX_ALLOWED=GLIB_VERSION_2_32 -DGLIB_VERSION_MIN_REQUIRED=GLIB_VERSION_2_32   conftest.c conftstm.o >&5
configure:6645: $? = 0
configure:6683: result: ok
configure:6720: checking for sysroot
configure:6750: result: no
configure:7012: checking for mt
configure:7042: result: no
configure:7062: checking if : is a manifest tool
configure:7068: : '-?'
configure:7076: result: no
configure:7714: checking for ANSI C header files
configure:7734: gcc -c -g -O2   -Wall -Wextra -Wdeprecated-declarations -Wno-missing-field-initializers -Wno-sign-compare -Wno-unused-parameter -Wdeclaration-after-statement -Werror-implicit-function-declaration -Wformat-nonliteral -Wformat-security -Winit-self -Wmissing-declarations -Wmissing-include-dirs -Wmissing-noreturn -Wnested-externs -Wpointer-arith -Wundef -Wwrite-strings -DGLIB_VERSION_MAX_ALLOWED=GLIB_VERSION_2_32 -DGLIB_VERSION_MIN_REQUIRED=GLIB_VERSION_2_32  conftest.c >&5
configure:7734: $? = 0
configure:7807: gcc -o conftest -g -O2   -Wall -Wextra -Wdeprecated-declarations -Wno-missing-field-initializers -Wno-sign-compare -Wno-unused-parameter -Wdeclaration-after-statement -Werror-implicit-function-declaration -Wformat-nonliteral -Wformat-security -Winit-self -Wmissing-declarations -Wmissing-include-dirs -Wmissing-noreturn -Wnested-externs -Wpointer-arith -Wundef -Wwrite-strings -DGLIB_VERSION_MAX_ALLOWED=GLIB_VERSION_2_32 -DGLIB_VERSION_MIN_REQUIRED=GLIB_VERSION_2_32   conftest.c  >&5
configure:7807: $? = 0
configure:7807: ./conftest
configure:7807: $? = 0
configure:7818: result: yes
configure:7831: checking for sys/types.h
configure:7831: gcc -c -g -O2   -Wall -Wextra -Wdeprecated-declarations -Wno-missing-field-initializers -Wno-sign-compare -Wno-unused-parameter -Wdeclaration-after-statement -Werror-implicit-function-declaration -Wformat-nonliteral -Wformat-security -Winit-self -Wmissing-declarations -Wmissing-include-dirs -Wmissing-noreturn -Wnested-externs -Wpointer-arith -Wundef -Wwrite-strings -DGLIB_VERSION_MAX_ALLOWED=GLIB_VERSION_2_32 -DGLIB_VERSION_MIN_REQUIRED=GLIB_VERSION_2_32  conftest.c >&5
configure:7831: $? = 0
configure:7831: result: yes
configure:7831: checking for sys/stat.h
configure:7831: gcc -c -g -O2   -Wall -Wextra -Wdeprecated-declarations -Wno-missing-field-initializers -Wno-sign-compare -Wno-unused-parameter -Wdeclaration-after-statement -Werror-implicit-function-declaration -Wformat-nonliteral -Wformat-security -Winit-self -Wmissing-declarations -Wmissing-include-dirs -Wmissing-noreturn -Wnested-externs -Wpointer-arith -Wundef -Wwrite-strings -DGLIB_VERSION_MAX_ALLOWED=GLIB_VERSION_2_32 -DGLIB_VERSION_MIN_REQUIRED=GLIB_VERSION_2_32  conftest.c >&5
configure:7831: $? = 0
configure:7831: result: yes
configure:7831: checking for stdlib.h
configure:7831: gcc -c -g -O2   -Wall -Wextra -Wdeprecated-declarations -Wno-missing-field-initializers -Wno-sign-compare -Wno-unused-parameter -Wdeclaration-after-statement -Werror-implicit-function-declaration -Wformat-nonliteral -Wformat-security -Winit-self -Wmissing-declarations -Wmissing-include-dirs -Wmissing-noreturn -Wnested-externs -Wpointer-arith -Wundef -Wwrite-strings -DGLIB_VERSION_MAX_ALLOWED=GLIB_VERSION_2_32 -DGLIB_VERSION_MIN_REQUIRED=GLIB_VERSION_2_32  conftest.c >&5
configure:7831: $? = 0
configure:7831: result: yes
configure:7831: checking for string.h
configure:7831: gcc -c -g -O2   -Wall -Wextra -Wdeprecated-declarations -Wno-missing-field-initializers -Wno-sign-compare -Wno-unused-parameter -Wdeclaration-after-statement -Werror-implicit-function-declaration -Wformat-nonliteral -Wformat-security -Winit-self -Wmissing-declarations -Wmissing-include-dirs -Wmissing-noreturn -Wnested-externs -Wpointer-arith -Wundef -Wwrite-strings -DGLIB_VERSION_MAX_ALLOWED=GLIB_VERSION_2_32 -DGLIB_VERSION_MIN_REQUIRED=GLIB_VERSION_2_32  conftest.c >&5
configure:7831: $? = 0
configure:7831: result: yes
configure:7831: checking for memory.h
configure:7831: gcc -c -g -O2   -Wall -Wextra -Wdeprecated-declarations -Wno-missing-field-initializers -Wno-sign-compare -Wno-unused-parameter -Wdeclaration-after-statement -Werror-implicit-function-declaration -Wformat-nonliteral -Wformat-security -Winit-self -Wmissing-declarations -Wmissing-include-dirs -Wmissing-noreturn -Wnested-externs -Wpointer-arith -Wundef -Wwrite-strings -DGLIB_VERSION_MAX_ALLOWED=GLIB_VERSION_2_32 -DGLIB_VERSION_MIN_REQUIRED=GLIB_VERSION_2_32  conftest.c >&5
configure:7831: $? = 0
configure:7831: result: yes
configure:7831: checking for strings.h
configure:7831: gcc -c -g -O2   -Wall -Wextra -Wdeprecated-declarations -Wno-missing-field-initializers -Wno-sign-compare -Wno-unused-parameter -Wdeclaration-after-statement -Werror-implicit-function-declaration -Wformat-nonliteral -Wformat-security -Winit-self -Wmissing-declarations -Wmissing-include-dirs -Wmissing-noreturn -Wnested-externs -Wpointer-arith -Wundef -Wwrite-strings -DGLIB_VERSION_MAX_ALLOWED=GLIB_VERSION_2_32 -DGLIB_VERSION_MIN_REQUIRED=GLIB_VERSION_2_32  conftest.c >&5
configure:7831: $? = 0
configure:7831: result: yes
configure:7831: checking for inttypes.h
configure:7831: gcc -c -g -O2   -Wall -Wextra -Wdeprecated-declarations -Wno-missing-field-initializers -Wno-sign-compare -Wno-unused-parameter -Wdeclaration-after-statement -Werror-implicit-function-declaration -Wformat-nonliteral -Wformat-security -Winit-self -Wmissing-declarations -Wmissing-include-dirs -Wmissing-noreturn -Wnested-externs -Wpointer-arith -Wundef -Wwrite-strings -DGLIB_VERSION_MAX_ALLOWED=GLIB_VERSION_2_32 -DGLIB_VERSION_MIN_REQUIRED=GLIB_VERSION_2_32  conftest.c >&5
configure:7831: $? = 0
configure:7831: result: yes
configure:7831: checking for stdint.h
configure:7831: gcc -c -g -O2   -Wall -Wextra -Wdeprecated-declarations -Wno-missing-field-initializers -Wno-sign-compare -Wno-unused-parameter -Wdeclaration-after-statement -Werror-implicit-function-declaration -Wformat-nonliteral -Wformat-security -Winit-self -Wmissing-declarations -Wmissing-include-dirs -Wmissing-noreturn -Wnested-externs -Wpointer-arith -Wundef -Wwrite-strings -DGLIB_VERSION_MAX_ALLOWED=GLIB_VERSION_2_32 -DGLIB_VERSION_MIN_REQUIRED=GLIB_VERSION_2_32  conftest.c >&5
configure:7831: $? = 0
configure:7831: result: yes
configure:7831: checking for unistd.h
configure:7831: gcc -c -g -O2   -Wall -Wextra -Wdeprecated-declarations -Wno-missing-field-initializers -Wno-sign-compare -Wno-unused-parameter -Wdeclaration-after-statement -Werror-implicit-function-declaration -Wformat-nonliteral -Wformat-security -Winit-self -Wmissing-declarations -Wmissing-include-dirs -Wmissing-noreturn -Wnested-externs -Wpointer-arith -Wundef -Wwrite-strings -DGLIB_VERSION_MAX_ALLOWED=GLIB_VERSION_2_32 -DGLIB_VERSION_MIN_REQUIRED=GLIB_VERSION_2_32  conftest.c >&5
configure:7831: $? = 0
configure:7831: result: yes
configure:7845: checking for dlfcn.h
configure:7845: gcc -c -g -O2   -Wall -Wextra -Wdeprecated-declarations -Wno-missing-field-initializers -Wno-sign-compare -Wno-unused-parameter -Wdeclaration-after-statement -Werror-implicit-function-declaration -Wformat-nonliteral -Wformat-security -Winit-self -Wmissing-declarations -Wmissing-include-dirs -Wmissing-noreturn -Wnested-externs -Wpointer-arith -Wundef -Wwrite-strings -DGLIB_VERSION_MAX_ALLOWED=GLIB_VERSION_2_32 -DGLIB_VERSION_MIN_REQUIRED=GLIB_VERSION_2_32  conftest.c >&5
configure:7845: $? = 0
configure:7845: result: yes
configure:8021: checking for objdir
configure:8036: result: .libs
configure:8307: checking if gcc supports -fno-rtti -fno-exceptions
configure:8325: gcc -c -g -O2   -Wall -Wextra -Wdeprecated-declarations -Wno-missing-field-initializers -Wno-sign-compare -Wno-unused-parameter -Wdeclaration-after-statement -Werror-implicit-function-declaration -Wformat-nonliteral -Wformat-security -Winit-self -Wmissing-declarations -Wmissing-include-dirs -Wmissing-noreturn -Wnested-externs -Wpointer-arith -Wundef -Wwrite-strings -DGLIB_VERSION_MAX_ALLOWED=GLIB_VERSION_2_32 -DGLIB_VERSION_MIN_REQUIRED=GLIB_VERSION_2_32  -fno-rtti -fno-exceptions conftest.c >&5
cc1: warning: command line option '-fno-rtti' is valid for C++/ObjC++ but not for C [enabled by default]
configure:8329: $? = 0
configure:8342: result: no
configure:8669: checking for gcc option to produce PIC
configure:8676: result: -fPIC -DPIC
configure:8684: checking if gcc PIC flag -fPIC -DPIC works
configure:8702: gcc -c -g -O2   -Wall -Wextra -Wdeprecated-declarations -Wno-missing-field-initializers -Wno-sign-compare -Wno-unused-parameter -Wdeclaration-after-statement -Werror-implicit-function-declaration -Wformat-nonliteral -Wformat-security -Winit-self -Wmissing-declarations -Wmissing-include-dirs -Wmissing-noreturn -Wnested-externs -Wpointer-arith -Wundef -Wwrite-strings -DGLIB_VERSION_MAX_ALLOWED=GLIB_VERSION_2_32 -DGLIB_VERSION_MIN_REQUIRED=GLIB_VERSION_2_32  -fPIC -DPIC -DPIC conftest.c >&5
configure:8706: $? = 0
configure:8719: result: yes
configure:8748: checking if gcc static flag -static works
configure:8776: result: no
configure:8791: checking if gcc supports -c -o file.o
configure:8812: gcc -c -g -O2   -Wall -Wextra -Wdeprecated-declarations -Wno-missing-field-initializers -Wno-sign-compare -Wno-unused-parameter -Wdeclaration-after-statement -Werror-implicit-function-declaration -Wformat-nonliteral -Wformat-security -Winit-self -Wmissing-declarations -Wmissing-include-dirs -Wmissing-noreturn -Wnested-externs -Wpointer-arith -Wundef -Wwrite-strings -DGLIB_VERSION_MAX_ALLOWED=GLIB_VERSION_2_32 -DGLIB_VERSION_MIN_REQUIRED=GLIB_VERSION_2_32  -o out/conftest2.o conftest.c >&5
configure:8816: $? = 0
configure:8838: result: yes
configure:8846: checking if gcc supports -c -o file.o
configure:8893: result: yes
configure:8926: checking whether the gcc linker (/usr/bin/ld) supports shared libraries
configure:10079: result: yes
configure:10116: checking whether -lc should be explicitly linked in
configure:10124: gcc -c -g -O2   -Wall -Wextra -Wdeprecated-declarations -Wno-missing-field-initializers -Wno-sign-compare -Wno-unused-parameter -Wdeclaration-after-statement -Werror-implicit-function-declaration -Wformat-nonliteral -Wformat-security -Winit-self -Wmissing-declarations -Wmissing-include-dirs -Wmissing-noreturn -Wnested-externs -Wpointer-arith -Wundef -Wwrite-strings -DGLIB_VERSION_MAX_ALLOWED=GLIB_VERSION_2_32 -DGLIB_VERSION_MIN_REQUIRED=GLIB_VERSION_2_32  conftest.c >&5
configure:10127: $? = 0
configure:10142: gcc -shared  -fPIC -DPIC conftest.o  -v -Wl,-soname -Wl,conftest -o conftest 2\>\&1 \| /usr/bin/grep  -lc  \>/dev/null 2\>\&1
configure:10145: $? = 0
configure:10159: result: no
configure:10319: checking dynamic linker characteristics
configure:10830: gcc -o conftest -g -O2   -Wall -Wextra -Wdeprecated-declarations -Wno-missing-field-initializers -Wno-sign-compare -Wno-unused-parameter -Wdeclaration-after-statement -Werror-implicit-function-declaration -Wformat-nonliteral -Wformat-security -Winit-self -Wmissing-declarations -Wmissing-include-dirs -Wmissing-noreturn -Wnested-externs -Wpointer-arith -Wundef -Wwrite-strings -DGLIB_VERSION_MAX_ALLOWED=GLIB_VERSION_2_32 -DGLIB_VERSION_MIN_REQUIRED=GLIB_VERSION_2_32   -Wl,-rpath -Wl,/foo conftest.c  >&5
configure:10830: $? = 0
configure:11056: result: GNU/Linux ld.so
configure:11163: checking how to hardcode library paths into programs
configure:11188: result: immediate
configure:11728: checking whether stripping libraries is possible
configure:11733: result: yes
configure:11768: checking if libtool supports shared libraries
configure:11770: result: yes
configure:11773: checking whether to build shared libraries
configure:11794: result: yes
configure:11797: checking whether to build static libraries
configure:11801: result: no
configure:11893: checking for pkg-config
configure:11911: found /usr/bin/pkg-config
configure:11923: result: /usr/bin/pkg-config
configure:11948: checking pkg-config is at least version 0.9.0
configure:11951: result: yes
configure:11961: checking whether to build with code coverage support
configure:11980: result: no
configure:12208: checking for gobject-introspection
configure:12239: $PKG_CONFIG --exists --print-errors "gobject-introspection-1.0 >= 0.9.12"
configure:12242: $? = 0
configure:12254: result: yes
configure:12294: checking for GLIB
configure:12301: $PKG_CONFIG --exists --print-errors "glib-2.0 >= 2.32"
configure:12304: $? = 0
configure:12318: $PKG_CONFIG --exists --print-errors "glib-2.0 >= 2.32"
configure:12321: $? = 0
configure:12379: result: yes
configure:12385: checking for LIBICAL
configure:12392: $PKG_CONFIG --exists --print-errors "libical >= 1.0"
configure:12395: $? = 0
configure:12409: $PKG_CONFIG --exists --print-errors "libical >= 1.0"
configure:12412: $? = 0
configure:12470: result: yes
configure:12476: checking for LIBXML
configure:12483: $PKG_CONFIG --exists --print-errors "libxml-2.0 >= 2.7.3"
configure:12486: $? = 0
configure:12500: $PKG_CONFIG --exists --print-errors "libxml-2.0 >= 2.7.3"
configure:12503: $? = 0
configure:12561: result: yes
configure:12567: checking for GOBJECT2
configure:12574: $PKG_CONFIG --exists --print-errors "gobject-2.0"
configure:12577: $? = 0
configure:12591: $PKG_CONFIG --exists --print-errors "gobject-2.0"
configure:12594: $? = 0
configure:12652: result: yes
configure:12662: checking for gtkdoc-check
configure:12680: found /usr/bin/gtkdoc-check
configure:12692: result: /usr/bin/gtkdoc-check
configure:12704: checking for gtkdoc-rebase
configure:12722: found /usr/bin/gtkdoc-rebase
configure:12734: result: /usr/bin/gtkdoc-rebase
configure:12748: checking for gtkdoc-mkpdf
configure:12766: found /usr/bin/gtkdoc-mkpdf
configure:12778: result: /usr/bin/gtkdoc-mkpdf
configure:12892: checking whether to build gtk-doc documentation
configure:12894: result: no
configure:13078: checking that generated files are newer than configure
configure:13084: result: done
configure:13143: creating ./config.status

## ---------------------- ##
## Running config.status. ##
## ---------------------- ##

This file was extended by libical-glib config.status 1.0.0, which was
generated by GNU Autoconf 2.69.  Invocation command line was

  CONFIG_FILES    = 
  CONFIG_HEADERS  = 
  CONFIG_LINKS    = 
  CONFIG_COMMANDS = 
  $ ./config.status 

on localhost.localdomain

config.status:1220: creating Makefile
config.status:1220: creating libical-glib.pc
config.status:1220: creating src/api/Makefile
config.status:1220: creating src/Makefile
config.status:1220: creating src/build-tools/Makefile
config.status:1220: creating src/libical-glib/Makefile
config.status:1220: creating tests/Makefile
config.status:1220: creating config.h
config.status:1449: executing depfiles commands
config.status:1449: executing libtool commands
configure:15377:
	Introspection:		yes
	Code coverage (gcov):	no


## ---------------- ##
## Cache variables. ##
## ---------------- ##

ac_cv_build=i686-pc-linux-gnu
ac_cv_c_compiler_gnu=yes
ac_cv_c_inline=inline
ac_cv_env_CC_set=
ac_cv_env_CC_value=
ac_cv_env_CFLAGS_set=
ac_cv_env_CFLAGS_value=
ac_cv_env_CPPFLAGS_set=
ac_cv_env_CPPFLAGS_value=
ac_cv_env_CPP_set=
ac_cv_env_CPP_value=
ac_cv_env_GLIB_CFLAGS_set=
ac_cv_env_GLIB_CFLAGS_value=
ac_cv_env_GLIB_LIBS_set=
ac_cv_env_GLIB_LIBS_value=
ac_cv_env_GOBJECT2_CFLAGS_set=
ac_cv_env_GOBJECT2_CFLAGS_value=
ac_cv_env_GOBJECT2_LIBS_set=
ac_cv_env_GOBJECT2_LIBS_value=
ac_cv_env_GTKDOC_DEPS_CFLAGS_set=
ac_cv_env_GTKDOC_DEPS_CFLAGS_value=
ac_cv_env_GTKDOC_DEPS_LIBS_set=
ac_cv_env_GTKDOC_DEPS_LIBS_value=
ac_cv_env_LDFLAGS_set=
ac_cv_env_LDFLAGS_value=
ac_cv_env_LIBICAL_CFLAGS_set=
ac_cv_env_LIBICAL_CFLAGS_value=
ac_cv_env_LIBICAL_LIBS_set=
ac_cv_env_LIBICAL_LIBS_value=
ac_cv_env_LIBS_set=
ac_cv_env_LIBS_value=
ac_cv_env_LIBXML_CFLAGS_set=
ac_cv_env_LIBXML_CFLAGS_value=
ac_cv_env_LIBXML_LIBS_set=
ac_cv_env_LIBXML_LIBS_value=
ac_cv_env_PKG_CONFIG_LIBDIR_set=
ac_cv_env_PKG_CONFIG_LIBDIR_value=
ac_cv_env_PKG_CONFIG_PATH_set=
ac_cv_env_PKG_CONFIG_PATH_value=
ac_cv_env_PKG_CONFIG_set=
ac_cv_env_PKG_CONFIG_value=
ac_cv_env_build_alias_set=
ac_cv_env_build_alias_value=
ac_cv_env_host_alias_set=
ac_cv_env_host_alias_value=
ac_cv_env_target_alias_set=
ac_cv_env_target_alias_value=
ac_cv_header_dlfcn_h=yes
ac_cv_header_inttypes_h=yes
ac_cv_header_memory_h=yes
ac_cv_header_stdc=yes
ac_cv_header_stdint_h=yes
ac_cv_header_stdlib_h=yes
ac_cv_header_string_h=yes
ac_cv_header_strings_h=yes
ac_cv_header_sys_stat_h=yes
ac_cv_header_sys_types_h=yes
ac_cv_header_unistd_h=yes
ac_cv_host=i686-pc-linux-gnu
ac_cv_objext=o
ac_cv_path_EGREP='/usr/bin/grep -E'
ac_cv_path_FGREP='/usr/bin/grep -F'
ac_cv_path_GREP=/usr/bin/grep
ac_cv_path_GTKDOC_CHECK=/usr/bin/gtkdoc-check
ac_cv_path_GTKDOC_MKPDF=/usr/bin/gtkdoc-mkpdf
ac_cv_path_GTKDOC_REBASE=/usr/bin/gtkdoc-rebase
ac_cv_path_SED=/usr/bin/sed
ac_cv_path_ac_pt_PKG_CONFIG=/usr/bin/pkg-config
ac_cv_path_install='/usr/bin/install -c'
ac_cv_path_mkdir=/usr/bin/mkdir
ac_cv_prog_AWK=gawk
ac_cv_prog_CPP='gcc -E'
ac_cv_prog_ac_ct_AR=ar
ac_cv_prog_ac_ct_CC=gcc
ac_cv_prog_ac_ct_OBJDUMP=objdump
ac_cv_prog_ac_ct_RANLIB=ranlib
ac_cv_prog_ac_ct_STRIP=strip
ac_cv_prog_cc_c89=
ac_cv_prog_cc_g=yes
ac_cv_prog_cc_gcc_c_o=yes
ac_cv_prog_make_make_set=yes
am_cv_CC_dependencies_compiler_type=gcc3
am_cv_make_support_nested_variables=yes
am_cv_prog_tar_ustar=gnutar
lt_cv_ar_at_file=@
lt_cv_archive_cmds_need_lc=no
lt_cv_deplibs_check_method=pass_all
lt_cv_file_magic_cmd='$MAGIC_CMD'
lt_cv_file_magic_test_file=
lt_cv_ld_reload_flag=-r
lt_cv_nm_interface='BSD nm'
lt_cv_objdir=.libs
lt_cv_path_LD=/usr/bin/ld
lt_cv_path_NM='/usr/bin/nm -B'
lt_cv_path_mainfest_tool=no
lt_cv_prog_compiler_c_o=yes
lt_cv_prog_compiler_pic='-fPIC -DPIC'
lt_cv_prog_compiler_pic_works=yes
lt_cv_prog_compiler_rtti_exceptions=no
lt_cv_prog_compiler_static_works=no
lt_cv_prog_gnu_ld=yes
lt_cv_sharedlib_from_linklib_cmd='printf %s\n'
lt_cv_shlibpath_overrides_runpath=no
lt_cv_sys_global_symbol_pipe='sed -n -e '\''s/^.*[	 ]\([ABCDGIRSTW][ABCDGIRSTW]*\)[	 ][	 ]*\([_A-Za-z][_A-Za-z0-9]*\)$/\1 \2 \2/p'\'' | sed '\''/ __gnu_lto/d'\'''
lt_cv_sys_global_symbol_to_c_name_address='sed -n -e '\''s/^: \([^ ]*\)[ ]*$/  {\"\1\", (void *) 0},/p'\'' -e '\''s/^[ABCDGIRSTW]* \([^ ]*\) \([^ ]*\)$/  {"\2", (void *) \&\2},/p'\'''
lt_cv_sys_global_symbol_to_c_name_address_lib_prefix='sed -n -e '\''s/^: \([^ ]*\)[ ]*$/  {\"\1\", (void *) 0},/p'\'' -e '\''s/^[ABCDGIRSTW]* \([^ ]*\) \(lib[^ ]*\)$/  {"\2", (void *) \&\2},/p'\'' -e '\''s/^[ABCDGIRSTW]* \([^ ]*\) \([^ ]*\)$/  {"lib\2", (void *) \&\2},/p'\'''
lt_cv_sys_global_symbol_to_cdecl='sed -n -e '\''s/^T .* \(.*\)$/extern int \1();/p'\'' -e '\''s/^[ABCDGIRSTW]* .* \(.*\)$/extern char \1;/p'\'''
lt_cv_sys_max_cmd_len=1572864
lt_cv_to_host_file_cmd=func_convert_file_noop
lt_cv_to_tool_file_cmd=func_convert_file_noop
pkg_cv_GLIB_CFLAGS='-I/usr/include/glib-2.0 -I/usr/lib/glib-2.0/include '
pkg_cv_GLIB_LIBS='-lglib-2.0 '
pkg_cv_GOBJECT2_CFLAGS='-I/usr/include/glib-2.0 -I/usr/lib/glib-2.0/include '
pkg_cv_GOBJECT2_LIBS='-lgobject-2.0 -lglib-2.0 '
pkg_cv_LIBICAL_CFLAGS=
pkg_cv_LIBICAL_LIBS='-lical -licalss -licalvcal -lpthread '
pkg_cv_LIBXML_CFLAGS='-I/usr/include/libxml2 '
pkg_cv_LIBXML_LIBS='-lxml2 '

## ----------------- ##
## Output variables. ##
## ----------------- ##










	$(LCOV) $(code_coverage_quiet) --directory $(CODE_COVERAGE_DIRECTORY) --capture --output-file "$(CODE_COVERAGE_OUTPUT_FILE).tmp" --test-name "$(PACKAGE_NAME)-$(PACKAGE_VERSION)" --no-checksum --compat-libtool $(CODE_COVERAGE_LCOV_OPTIONS)
	$(LCOV) $(code_coverage_quiet) --directory $(CODE_COVERAGE_DIRECTORY) --remove "$(CODE_COVERAGE_OUTPUT_FILE).tmp" "/tmp/*" $(CODE_COVERAGE_IGNORE_PATTERN) --output-file "$(CODE_COVERAGE_OUTPUT_FILE)"
	$(MAKE) $(AM_MAKEFLAGS) code-coverage-capture
	-$(LCOV) --directory $(top_builddir) -z
	-$(MAKE) $(AM_MAKEFLAGS) -k check
	-@rm -f $(CODE_COVERAGE_OUTPUT_FILE).tmp
	-find . -name "*.gcda" -o -name "*.gcov" -delete
	-rm -rf $(CODE_COVERAGE_OUTPUT_FILE) $(CODE_COVERAGE_OUTPUT_FILE).tmp $(CODE_COVERAGE_OUTPUT_DIRECTORY)
	@echo "Need to reconfigure with --enable-code-coverage"
	@echo "Need to reconfigure with --enable-code-coverage"
	@echo "file://$(abs_builddir)/$(CODE_COVERAGE_OUTPUT_DIRECTORY)/index.html"
	LANG=C $(GENHTML) $(code_coverage_quiet) --prefix $(CODE_COVERAGE_DIRECTORY) --output-directory "$(CODE_COVERAGE_OUTPUT_DIRECTORY)" --title "$(PACKAGE_NAME)-$(PACKAGE_VERSION) Code Coverage" --legend --show-details "$(CODE_COVERAGE_OUTPUT_FILE)" $(CODE_COVERAGE_GENHTML_OPTIONS)
#
#
#    $(PACKAGE_NAME)-$(PACKAGE_VERSION)-coverage)
#    $(PACKAGE_NAME)-$(PACKAGE_VERSION)-coverage.info)
#    (Default: $(top_builddir))
#    (Default: empty)
#    by lcov for code coverage. (Default:
#    instance. (Default: empty)
#    reports to be created. (Default:
#  - CODE_COVERAGE_DIRECTORY: Top-level directory for code coverage reporting.
#  - CODE_COVERAGE_GENHTML_OPTIONS: Extra options to pass to the genhtml
#  - CODE_COVERAGE_IGNORE_PATTERN: Extra glob pattern of files to ignore
#  - CODE_COVERAGE_LCOV_OPTIONS: Extra options to pass to the lcov instance.
#  - CODE_COVERAGE_OUTPUT_DIRECTORY: Directory for generated code coverage
#  - CODE_COVERAGE_OUTPUT_FILE: Filename and path for the .info file generated
# $(PACKAGE_VERSION). In order to add the current git hash to the title,
# Capture code coverage data
# Code coverage
# Hook rule executed before code-coverage-capture, overridable by the user
# Optional variables
# Optional:
# The generated report will be titled using the $(PACKAGE_NAME) and
# Use recursive makes in order to ignore errors during check
# use the git-version-gen script, available online.
'
.PHONY: check-code-coverage code-coverage-capture code-coverage-capture-hook code-coverage-clean
ACLOCAL='${SHELL} /home/williamyu/open-source/playground/libical-glib/missing aclocal-1.13'
AMDEPBACKSLASH='\'
AMDEP_FALSE='#'
AMDEP_TRUE=''
AMTAR='$${TAR-tar}'
AM_BACKSLASH='\'
AM_DEFAULT_V='$(AM_DEFAULT_VERBOSITY)'
AM_DEFAULT_VERBOSITY='0'
AM_V='$(V)'
AR='ar'
AUTOCONF='${SHELL} /home/williamyu/open-source/playground/libical-glib/missing autoconf'
AUTOHEADER='${SHELL} /home/williamyu/open-source/playground/libical-glib/missing autoheader'
AUTOMAKE='${SHELL} /home/williamyu/open-source/playground/libical-glib/missing automake-1.13'
AWK='gawk'
CC='gcc'
CCDEPMODE='depmode=gcc3'
CFLAGS='-g -O2   -Wall -Wextra -Wdeprecated-declarations -Wno-missing-field-initializers -Wno-sign-compare -Wno-unused-parameter -Wdeclaration-after-statement -Werror-implicit-function-declaration -Wformat-nonliteral -Wformat-security -Winit-self -Wmissing-declarations -Wmissing-include-dirs -Wmissing-noreturn -Wnested-externs -Wpointer-arith -Wundef -Wwrite-strings -DGLIB_VERSION_MAX_ALLOWED=GLIB_VERSION_2_32 -DGLIB_VERSION_MIN_REQUIRED=GLIB_VERSION_2_32'
CODE_COVERAGE_CFLAGS=''
CODE_COVERAGE_DIRECTORY ?= $(top_builddir)
CODE_COVERAGE_ENABLED='no'
CODE_COVERAGE_ENABLED_FALSE=''
CODE_COVERAGE_ENABLED_TRUE='#'
CODE_COVERAGE_GENHTML_OPTIONS ?=
CODE_COVERAGE_IGNORE_PATTERN ?=
CODE_COVERAGE_LCOV_OPTIONS ?=
CODE_COVERAGE_LDFLAGS=''
CODE_COVERAGE_OUTPUT_DIRECTORY ?= $(PACKAGE_NAME)-$(PACKAGE_VERSION)-coverage
CODE_COVERAGE_OUTPUT_FILE ?= $(PACKAGE_NAME)-$(PACKAGE_VERSION)-coverage.info
CPP='gcc -E'
CPPFLAGS=''
CYGPATH_W='echo'
DEFS='-DHAVE_CONFIG_H'
DEPDIR='.deps'
DISTCHECK_CONFIGURE_FLAGS += --disable-code-coverage
DISTCHECK_CONFIGURE_FLAGS ?=
DLLTOOL='false'
DSYMUTIL=''
DUMPBIN=''
ECHO_C=''
ECHO_N='-n'
ECHO_T=''
EGREP='/usr/bin/grep -E'
ENABLE_GTK_DOC_FALSE=''
ENABLE_GTK_DOC_TRUE='#'
EXEEXT=''
FGREP='/usr/bin/grep -F'
GENHTML=''
GITIGNOREFILES += $(CODE_COVERAGE_OUTPUT_FILE) $(CODE_COVERAGE_OUTPUT_DIRECTORY)
GITIGNOREFILES ?=
GLIB_CFLAGS='-I/usr/include/glib-2.0 -I/usr/lib/glib-2.0/include '
GLIB_LIBS='-lglib-2.0 '
GNOME_CODE_COVERAGE_RULES='
GOBJECT2_CFLAGS='-I/usr/include/glib-2.0 -I/usr/lib/glib-2.0/include '
GOBJECT2_LIBS='-lgobject-2.0 -lglib-2.0 '
GREP='/usr/bin/grep'
GTKDOC_CHECK='/usr/bin/gtkdoc-check'
GTKDOC_DEPS_CFLAGS=''
GTKDOC_DEPS_LIBS=''
GTKDOC_MKPDF='/usr/bin/gtkdoc-mkpdf'
GTKDOC_REBASE='/usr/bin/gtkdoc-rebase'
GTK_DOC_BUILD_HTML_FALSE='#'
GTK_DOC_BUILD_HTML_TRUE=''
GTK_DOC_BUILD_PDF_FALSE=''
GTK_DOC_BUILD_PDF_TRUE='#'
GTK_DOC_USE_LIBTOOL_FALSE='#'
GTK_DOC_USE_LIBTOOL_TRUE=''
GTK_DOC_USE_REBASE_FALSE='#'
GTK_DOC_USE_REBASE_TRUE=''
HAVE_INTROSPECTION_FALSE='#'
HAVE_INTROSPECTION_TRUE=''
HTML_DIR='${datadir}/gtk-doc/html'
INSTALL_DATA='${INSTALL} -m 644'
INSTALL_PROGRAM='${INSTALL}'
INSTALL_SCRIPT='${INSTALL}'
INSTALL_STRIP_PROGRAM='$(install_sh) -c -s'
INTROSPECTION_CFLAGS='-pthread -I/usr/include/gobject-introspection-1.0 -I/usr/include/glib-2.0 -I/usr/lib/glib-2.0/include '
INTROSPECTION_COMPILER='/usr/bin/g-ir-compiler'
INTROSPECTION_GENERATE='/usr/bin/g-ir-generate'
INTROSPECTION_GIRDIR='/usr/share/gir-1.0'
INTROSPECTION_LIBS='-lgirepository-1.0 -lgobject-2.0 -lglib-2.0 '
INTROSPECTION_MAKEFILE='/usr/share/gobject-introspection-1.0/Makefile.introspection'
INTROSPECTION_SCANNER='/usr/bin/g-ir-scanner'
INTROSPECTION_TYPELIBDIR='/usr/lib/girepository-1.0'
LCOV=''
LD='/usr/bin/ld'
LDFLAGS=''
LIBICAL_CFLAGS=''
LIBICAL_LIBS='-lical -licalss -licalvcal -lpthread '
LIBOBJS=''
LIBS=''
LIBTOOL='$(SHELL) $(top_builddir)/libtool'
LIBXML_CFLAGS='-I/usr/include/libxml2 '
LIBXML_LIBS='-lxml2 '
LIPO=''
LN_S='ln -s'
LTLIBOBJS=''
MAINT=''
MAINTAINER_MODE_FALSE='#'
MAINTAINER_MODE_TRUE=''
MAKEINFO='${SHELL} /home/williamyu/open-source/playground/libical-glib/missing makeinfo'
MANIFEST_TOOL=':'
MKDIR_P='/usr/bin/mkdir -p'
NM='/usr/bin/nm -B'
NMEDIT=''
NO_UNDEFINED='-no-undefined'
OBJDUMP='objdump'
OBJEXT='o'
OS_WIN32_FALSE=''
OS_WIN32_TRUE='#'
OTOOL64=''
OTOOL=''
PACKAGE='libical-glib'
PACKAGE_BUGREPORT='http://bugzilla.gnome.org/browse.cgi?product=TODO'
PACKAGE_NAME='libical-glib'
PACKAGE_STRING='libical-glib 1.0.0'
PACKAGE_TARNAME='libical-glib'
PACKAGE_URL=''
PACKAGE_VERSION='1.0.0'
PATH_SEPARATOR=':'
PKG_CONFIG='/usr/bin/pkg-config'
PKG_CONFIG_LIBDIR=''
PKG_CONFIG_PATH=''
RANLIB='ranlib'
SED='/usr/bin/sed'
SET_MAKE=''
SHELL='/bin/sh'
STRIP='strip'
VERSION='1.0.0'
WARNING_FLAGS='  -Wall -Wextra -Wdeprecated-declarations -Wno-missing-field-initializers -Wno-sign-compare -Wno-unused-parameter -Wdeclaration-after-statement -Werror-implicit-function-declaration -Wformat-nonliteral -Wformat-security -Winit-self -Wmissing-declarations -Wmissing-include-dirs -Wmissing-noreturn -Wnested-externs -Wpointer-arith -Wundef -Wwrite-strings'
ac_ct_AR='ar'
ac_ct_CC='gcc'
ac_ct_DUMPBIN=''
am__EXEEXT_FALSE=''
am__EXEEXT_TRUE='#'
am__fastdepCC_FALSE='#'
am__fastdepCC_TRUE=''
am__include='include'
am__isrc=''
am__leading_dot='.'
am__nodep='_no'
am__quote=''
am__tar='tar --format=ustar -chf - "$$tardir"'
am__untar='tar -xf -'
bindir='${exec_prefix}/bin'
build='i686-pc-linux-gnu'
build_alias=''
build_cpu='i686'
build_os='linux-gnu'
build_vendor='pc'
check-code-coverage:
clean: code-coverage-clean
code-coverage-capture-hook:
code-coverage-capture: code-coverage-capture-hook
code-coverage-clean:
code_coverage_quiet = $(code_coverage_quiet_$(V))
code_coverage_quiet_ = $(code_coverage_quiet_$(AM_DEFAULT_VERBOSITY))
code_coverage_quiet_0 = --quiet
datadir='${datarootdir}'
datarootdir='${prefix}/share'
docdir='${datarootdir}/doc/${PACKAGE_TARNAME}'
dvidir='${docdir}'
else
else
endif
endif
endif
exec_prefix='${prefix}'
host='i686-pc-linux-gnu'
host_alias=''
host_cpu='i686'
host_os='linux-gnu'
host_vendor='pc'
htmldir='${docdir}'
ifeq ($(CODE_COVERAGE_ENABLED),yes)
ifeq ($(CODE_COVERAGE_ENABLED),yes)
ifeq ($(CODE_COVERAGE_ENABLED),yes)
includedir='${prefix}/include'
infodir='${datarootdir}/info'
install_sh='${SHELL} /home/williamyu/open-source/playground/libical-glib/install-sh'
libdir='${exec_prefix}/lib'
libexecdir='${exec_prefix}/libexec'
localedir='${datarootdir}/locale'
localstatedir='${prefix}/var'
mandir='${datarootdir}/man'
mkdir_p='$(MKDIR_P)'
oldincludedir='/usr/include'
pdfdir='${docdir}'
prefix='/usr/local'
privincludedir='${includedir}/libical-glib'
program_transform_name='s,x,x,'
psdir='${docdir}'
sbindir='${exec_prefix}/sbin'
sharedstatedir='${prefix}/com'
sysconfdir='${prefix}/etc'
target_alias=''

## ----------- ##
## confdefs.h. ##
## ----------- ##

/* confdefs.h */
#define PACKAGE_NAME "libical-glib"
#define PACKAGE_TARNAME "libical-glib"
#define PACKAGE_VERSION "1.0.0"
#define PACKAGE_STRING "libical-glib 1.0.0"
#define PACKAGE_BUGREPORT "http://bugzilla.gnome.org/browse.cgi?product=TODO"
#define PACKAGE_URL ""
#define PACKAGE "libical-glib"
#define VERSION "1.0.0"
#define STDC_HEADERS 1
#define HAVE_SYS_TYPES_H 1
#define HAVE_SYS_STAT_H 1
#define HAVE_STDLIB_H 1
#define HAVE_STRING_H 1
#define HAVE_MEMORY_H 1
#define HAVE_STRINGS_H 1
#define HAVE_INTTYPES_H 1
#define HAVE_STDINT_H 1
#define HAVE_UNISTD_H 1
#define HAVE_DLFCN_H 1
#define LT_OBJDIR ".libs/"

configure: exit 0

## ---------------------- ##
## Running config.status. ##
## ---------------------- ##

This file was extended by libical-glib config.status 1.0.0, which was
generated by GNU Autoconf 2.69.  Invocation command line was

  CONFIG_FILES    = 
  CONFIG_HEADERS  = 
  CONFIG_LINKS    = 
  CONFIG_COMMANDS = 
  $ ./config.status tests/Makefile

on localhost.localdomain

config.status:1220: creating tests/Makefile
